<?xml version="1.0" encoding="UTF-8"?>
<!-- Generated by org.testng.reporters.JUnitReportReporter -->
<testsuite hostname="Ameet" failures="0" tests="2" name="testcases.RestAssured_TestCases_PL1" time="25.331" errors="0" timestamp="2024-12-06T11:51:53 IST" skipped="0">
  <testcase classname="testcases.RestAssured_TestCases_PL1" name="createAppointmentTest" time="17.958"/>
  <testcase classname="testcases.RestAssured_TestCases_PL1" name="getAllApplicableDoctorsTest" time="7.373"/>
</testsuite> <!-- testcases.RestAssured_TestCases_PL1 -->
